<?xml version="1.0" encoding="UTF-8"?>
<!-- Generated by org.testng.reporters.JUnitReportReporter -->
<testsuite hostname="DESKTOP-GOVKSD7" failures="0" tests="1" name="Ebay.GmailAutomation" time="4.822" errors="0" timestamp="2023-10-12T22:47:48 IST" skipped="0">
  <testcase classname="Ebay.GmailAutomation" name="launchBrowser" time="4.822"/>
  <system-out/>
</testsuite> <!-- Ebay.GmailAutomation -->
